>>> cc



>>> ld


LX51 LINKER/LOCATER V4.66.100.0 - SN: Eval Version
COPYRIGHT Copyright (C) 1995-2021, Arm Limited or its Affiliates. All rights reserved.
"@d:\BFOE\3rd_year\2nd_term_2024\Microprocessor based system "(b)-E1322\Projects\Servo_with_LCD_8051_c\build\Release\Servo_lcd.lnp .\build\Release\.obj\src\LCD.o,.\build\Release\.obj\src\main.o TO .\build\Release\Servo_lcd
PRINT(.\build\Release\Servo_lcd.map) REMOVEUNUSED

*** WARNING L48: IGNORED RECURSIVE CALL
    CALLED:  _LCD_COMM/LCD
    CALLER:  _DELAY/LCD

*** WARNING L48: IGNORED RECURSIVE CALL
    CALLED:  _DELAY/LCD
    CALLER:  _LCD_COMM/LCD

*** WARNING L15: MULTIPLE CALL TO FUNCTION
    NAME:    _LCD_STRING/LCD
    CALLER1: UART_INTERRUPT_HANDLER/MAIN
    CALLER2: ?C_C51STARTUP

******************************************************************************
* RESTRICTED VERSION WITH 0800H BYTE CODE SIZE LIMIT; USED: 01BFH BYTE (21%) *
******************************************************************************

Program Size: data=23.0 xdata=0 const=38 code=590
LX51 RUN COMPLETE.  3 WARNING(S),  0 ERROR(S)
